[2020-12-10 23:16:54] Текст ошибки: Ошибка не найдена | Строка 8
        
========================
[2020-12-10 23:16:54] Текст ошибки: Ошибка не найдена | Строка 8
        
========================
[2020-12-10 23:17:04] Текст ошибки: Ошибка не найдена | Строка 7
        
========================
[2020-12-10 23:17:04] Текст ошибки: Ошибка не найдена | Строка 7
        
========================
[2020-12-10 23:18:08] Текст ошибки: Ошибка не найдена | Строка 7
        
========================
[2020-12-10 23:18:08] Текст ошибки: Ошибка не найдена | Строка 7
        
========================
[2020-12-10 23:18:25] Текст ошибки: Ошибка не найдена | Строка 7
        
========================
[2020-12-10 23:18:40] Текст ошибки: Ошибка не найдена | Строка 7
        
========================
[2020-12-10 23:18:40] Текст ошибки: Ошибка не найдена | Строка 7
        
========================
[2020-12-10 23:18:41] Текст ошибки: Ошибка не найдена | Строка 7
        
========================
[2020-12-10 23:18:41] Текст ошибки: Ошибка не найдена | Строка 7
        
========================
[2020-12-10 23:18:41] Текст ошибки: Ошибка не найдена | Строка 7
        
========================
[2020-12-10 23:18:41] Текст ошибки: Ошибка не найдена | Строка 7
        
========================
[2020-12-10 23:18:42] Текст ошибки: Ошибка не найдена | Строка 7
        
========================
[2020-12-10 23:18:42] Текст ошибки: Ошибка не найдена | Строка 7
        
========================
[2020-12-10 23:18:42] Текст ошибки: Ошибка не найдена | Строка 7
        
========================
[2020-12-10 23:18:42] Текст ошибки: Ошибка не найдена | Строка 7
        
========================
[2020-12-10 23:18:43] Текст ошибки: Ошибка не найдена | Строка 7
        
========================
[2020-12-10 23:18:43] Текст ошибки: Ошибка не найдена | Строка 7
        
========================
[2020-12-10 23:18:44] Текст ошибки: Ошибка не найдена | Строка 7
        
========================
[2020-12-10 23:18:44] Текст ошибки: Ошибка не найдена | Строка 7
        
========================
[2020-12-10 23:18:45] Текст ошибки: Ошибка не найдена | Строка 7
        
========================
[2020-12-10 23:18:45] Текст ошибки: Ошибка не найдена | Строка 7
        
========================
[2020-12-10 23:18:54] Текст ошибки: Ошибка не найдена | Строка 7
        
========================
[2020-12-10 23:19:30] Текст ошибки: Ошибка не найдена | Строка 7
        
========================
[2020-12-10 23:19:30] Текст ошибки: Ошибка не найдена | Строка 7
        
========================
[2020-12-10 23:20:46] Текст ошибки: Ошибка не найдена | Строка 7
        
========================
[2020-12-10 23:20:46] Текст ошибки: Ошибка не найдена | Строка 7
        
========================
[2020-12-10 23:20:48] Текст ошибки: Ошибка не найдена | Строка 7
        
========================
[2020-12-10 23:20:48] Текст ошибки: Ошибка не найдена | Строка 7
        
========================
[2020-12-10 23:20:48] Текст ошибки: Ошибка не найдена | Строка 7
        
========================
[2020-12-10 23:20:48] Текст ошибки: Ошибка не найдена | Строка 7
        
========================
[2020-12-10 23:20:48] Текст ошибки: Ошибка не найдена | Строка 7
        
========================
[2020-12-10 23:20:48] Текст ошибки: Ошибка не найдена | Строка 7
        
========================
[2020-12-10 23:21:07] Текст ошибки: Ошибка не найдена | Строка 7
        
========================
[2020-12-10 23:21:08] Текст ошибки: Ошибка не найдена | Строка 7
        
========================
[2020-12-10 23:21:09] Текст ошибки: Ошибка не найдена | Строка 7
        
========================
[2020-12-10 23:21:09] Текст ошибки: Ошибка не найдена | Строка 7
        
========================
[2020-12-10 23:21:11] Текст ошибки: Ошибка не найдена | Строка 7
        
========================
[2020-12-10 23:21:19] Текст ошибки: Ошибка не найдена | Строка 7
        
========================
[2020-12-10 23:21:19] Текст ошибки: Ошибка не найдена | Строка 7
        
========================
[2020-12-10 23:21:20] Текст ошибки: Ошибка не найдена | Строка 7
        
========================
[2020-12-10 23:21:20] Текст ошибки: Ошибка не найдена | Строка 7
        
========================
[2020-12-10 23:21:20] Текст ошибки: Ошибка не найдена | Строка 7
        
========================
[2020-12-10 23:21:21] Текст ошибки: Ошибка не найдена | Строка 7
        
========================
[2020-12-10 23:21:37] Текст ошибки: Ошибка не найдена | Строка 7
        
========================
[2020-12-10 23:21:51] Текст ошибки: Ошибка не найдена | Строка 7
        
========================
[2020-12-10 23:21:56] Текст ошибки: Ошибка не найдена | Строка 7
        
========================
[2020-12-10 23:21:56] Текст ошибки: Ошибка не найдена | Строка 7
        
========================
[2020-12-10 23:22:22] Текст ошибки: Ошибка не найдена | Строка 7
        
========================
[2020-12-10 23:27:28] Текст ошибки: Ошибка не найдена | Строка 7
        
========================
[2020-12-10 23:27:28] Текст ошибки: Ошибка не найдена | Строка 7
        
========================
[2020-12-10 23:27:28] Текст ошибки: Ошибка не найдена | Строка 7
        
========================
[2020-12-10 23:27:29] Текст ошибки: Ошибка не найдена | Строка 7
        
========================
[2020-12-10 23:27:40] Текст ошибки: Ошибка не найдена | Строка 7
        
========================
[2020-12-10 23:27:59] Текст ошибки: Ошибка не найдена | Строка 7
        
========================
[2020-12-10 23:28:00] Текст ошибки: Ошибка не найдена | Строка 7
        
========================
[2020-12-10 23:28:31] Текст ошибки: Ошибка не найдена | Строка 7
        
========================
[2020-12-10 23:33:01] Текст ошибки: Ошибка не найдена | Строка 7
        
========================
[2020-12-12 15:16:48] Текст ошибки: Ошибка не найдена | Строка 7
        
========================
[2020-12-12 15:16:48] Текст ошибки: Ошибка не найдена | Строка 7
        
========================
[2020-12-12 15:16:50] Текст ошибки: Ошибка не найдена | Строка 7
        
========================
[2020-12-12 15:16:51] Текст ошибки: Ошибка не найдена | Строка 7
        
========================
[2020-12-12 15:17:07] Текст ошибки: Ошибка не найдена | Строка 7
        
========================
[2020-12-12 15:17:30] Текст ошибки: Ошибка не найдена | Строка 7
        
========================
[2020-12-12 15:17:53] Текст ошибки: Ошибка не найдена | Строка 7
        
========================
[2020-12-12 15:24:49] Текст ошибки: Ошибка не найдена | Строка 7
        
========================
[2020-12-12 15:24:49] Текст ошибки: Ошибка не найдена | Строка 7
        
========================
[2020-12-12 15:24:51] Текст ошибки: Ошибка не найдена | Строка 7
        
========================
[2020-12-12 15:25:01] Текст ошибки: Ошибка не найдена | Строка 7
        
========================
[2020-12-12 15:25:03] Текст ошибки: Ошибка не найдена | Строка 7
        
========================
[2020-12-12 15:25:05] Текст ошибки: Ошибка не найдена | Строка 7
        
========================
[2020-12-12 15:25:06] Текст ошибки: Ошибка не найдена | Строка 7
        
========================
[2020-12-12 15:25:06] Текст ошибки: Ошибка не найдена | Строка 7
        
========================
[2020-12-12 15:25:07] Текст ошибки: Ошибка не найдена | Строка 7
        
========================
[2020-12-12 15:25:07] Текст ошибки: Ошибка не найдена | Строка 7
        
========================
[2020-12-12 15:25:09] Текст ошибки: Ошибка не найдена | Строка 7
        
========================
[2020-12-12 15:25:11] Текст ошибки: Ошибка не найдена | Строка 7
        
========================
[2020-12-12 15:26:04] Текст ошибки: Ошибка не найдена | Строка 7
        
========================
[2020-12-12 15:26:14] Текст ошибки: Ошибка не найдена | Строка 7
        
========================
[2020-12-12 15:26:14] Текст ошибки: Ошибка не найдена | Строка 7
        
========================
[2020-12-12 15:26:15] Текст ошибки: Ошибка не найдена | Строка 7
        
========================
[2020-12-12 15:26:16] Текст ошибки: Ошибка не найдена | Строка 7
        
========================
[2020-12-12 16:13:21] Текст ошибки: Ошибка | Строка 9
        
========================
[2020-12-12 16:14:04] Текст ошибки: Ошибка | Строка 8
        
========================
[2020-12-12 16:24:36] Текст ошибки: Проблема c URL | Строка 54
        
========================
[2020-12-12 16:45:58] Текст ошибки: Проблема c URL | Строка 54
        
========================
[2020-12-12 16:46:00] Текст ошибки: Проблема c URL | Строка 54
        
========================
[2020-12-12 16:50:06] Текст ошибки: Проблема c URL | Строка 54
        
========================
[2020-12-12 16:50:06] Текст ошибки: Проблема c URL | Строка 54
        
========================
[2020-12-12 16:51:03] Текст ошибки: Проблема c URL | Строка 54
        
========================
[2020-12-12 16:51:03] Текст ошибки: Проблема c URL | Строка 54
        
========================
[2020-12-12 16:51:05] Текст ошибки: Проблема c URL | Строка 54
        
========================
[2020-12-12 16:51:05] Текст ошибки: Проблема c URL | Строка 54
        
========================
[2020-12-12 16:51:06] Текст ошибки: Проблема c URL | Строка 54
        
========================
[2020-12-12 16:51:06] Текст ошибки: Проблема c URL | Строка 54
        
========================
[2020-12-12 16:51:06] Текст ошибки: Проблема c URL | Строка 54
        
========================
[2020-12-12 16:51:06] Текст ошибки: Проблема c URL | Строка 54
        
========================
[2020-12-12 16:51:06] Текст ошибки: Проблема c URL | Строка 54
        
========================
[2020-12-12 16:51:06] Текст ошибки: Проблема c URL | Строка 54
        
========================
[2020-12-12 16:51:06] Текст ошибки: Проблема c URL | Строка 54
        
========================
[2020-12-12 16:51:06] Текст ошибки: Проблема c URL | Строка 54
        
========================
[2020-12-12 16:51:06] Текст ошибки: Проблема c URL | Строка 54
        
========================
[2020-12-12 16:51:07] Текст ошибки: Проблема c URL | Строка 54
        
========================
[2020-12-12 16:51:07] Текст ошибки: Проблема c URL | Строка 54
        
========================
[2020-12-12 16:51:07] Текст ошибки: Проблема c URL | Строка 54
        
========================
[2020-12-12 16:51:07] Текст ошибки: Проблема c URL | Строка 54
        
========================
[2020-12-12 16:51:07] Текст ошибки: Проблема c URL | Строка 54
        
========================
[2020-12-12 16:51:07] Текст ошибки: Проблема c URL | Строка 54
        
========================
[2020-12-12 16:51:07] Текст ошибки: Проблема c URL | Строка 54
        
========================
[2020-12-12 16:51:07] Текст ошибки: Проблема c URL | Строка 54
        
========================
[2020-12-12 16:51:07] Текст ошибки: Проблема c URL | Строка 54
        
========================
[2020-12-12 16:51:07] Текст ошибки: Проблема c URL | Строка 54
        
========================
[2020-12-12 16:51:07] Текст ошибки: Проблема c URL | Строка 54
        
========================
[2020-12-12 16:51:07] Текст ошибки: Проблема c URL | Строка 54
        
========================
[2020-12-12 16:51:07] Текст ошибки: Проблема c URL | Строка 54
        
========================
[2020-12-12 16:51:08] Текст ошибки: Проблема c URL | Строка 54
        
========================
[2020-12-12 16:51:08] Текст ошибки: Проблема c URL | Строка 54
        
========================
[2020-12-12 16:51:08] Текст ошибки: Проблема c URL | Строка 54
        
========================
[2020-12-12 16:51:08] Текст ошибки: Проблема c URL | Строка 54
        
========================
[2020-12-12 16:51:08] Текст ошибки: Проблема c URL | Строка 54
        
========================
[2020-12-12 16:51:08] Текст ошибки: Проблема c URL | Строка 54
        
========================
[2020-12-12 16:51:08] Текст ошибки: Проблема c URL | Строка 54
        
========================
[2020-12-12 16:51:08] Текст ошибки: Проблема c URL | Строка 54
        
========================
[2020-12-12 16:51:08] Текст ошибки: Проблема c URL | Строка 54
        
========================
[2020-12-12 16:51:08] Текст ошибки: Проблема c URL | Строка 54
        
========================
[2020-12-12 16:51:08] Текст ошибки: Проблема c URL | Строка 54
        
========================
[2020-12-12 16:51:08] Текст ошибки: Проблема c URL | Строка 54
        
========================
[2020-12-12 16:51:48] Текст ошибки: Не найден маршрут | Строка 54
        
========================
[2020-12-12 16:51:48] Текст ошибки: Не найден маршрут | Строка 54
        
========================
[2020-12-12 16:51:48] Текст ошибки: Не найден маршрут | Строка 54
        
========================
[2020-12-12 16:51:48] Текст ошибки: Не найден маршрут | Строка 54
        
========================
[2020-12-12 16:51:49] Текст ошибки: Не найден маршрут | Строка 54
        
========================
[2020-12-12 16:51:49] Текст ошибки: Не найден маршрут | Строка 54
        
========================
[2020-12-12 16:51:49] Текст ошибки: Не найден маршрут | Строка 54
        
========================
[2020-12-12 16:51:49] Текст ошибки: Не найден маршрут | Строка 54
        
========================
[2020-12-12 16:51:49] Текст ошибки: Не найден маршрут | Строка 54
        
========================
[2020-12-12 16:51:49] Текст ошибки: Не найден маршрут | Строка 54
        
========================
[2020-12-12 16:55:15] Текст ошибки: Не найден маршрут | Строка 54
        
========================
[2020-12-12 16:55:38] Текст ошибки: Не найден маршрут | Строка 54
        
========================
[2020-12-12 16:55:39] Текст ошибки: Не найден маршрут | Строка 54
        
========================
[2020-12-12 16:56:04] Текст ошибки: Не найден маршрут | Строка 54
        
========================
[2020-12-12 16:56:04] Текст ошибки: Не найден маршрут | Строка 54
        
========================
[2020-12-12 16:56:08] Текст ошибки: Не найден маршрут | Строка 54
        
========================
[2020-12-12 16:57:26] Текст ошибки: Не найден маршрут | Строка 54
        
========================
[2020-12-12 16:57:26] Текст ошибки: Не найден маршрут | Строка 54
        
========================
[2020-12-12 16:57:45] Текст ошибки: Не найден маршрут | Строка 54
        
========================
[2020-12-12 16:57:50] Текст ошибки: Не найден маршрут | Строка 54
        
========================
[2020-12-12 17:01:37] Текст ошибки: Не найден маршрут | Строка 54
        
========================
[2020-12-12 17:01:54] Текст ошибки: Не найден маршрут | Строка 54
        
========================
[2020-12-12 17:01:54] Текст ошибки: Не найден маршрут | Строка 54
        
========================
[2020-12-12 17:01:55] Текст ошибки: Не найден маршрут | Строка 54
        
========================
[2020-12-12 17:01:55] Текст ошибки: Не найден маршрут | Строка 54
        
========================
[2020-12-12 17:01:55] Текст ошибки: Не найден маршрут | Строка 54
        
========================
[2020-12-12 17:01:55] Текст ошибки: Не найден маршрут | Строка 54
        
========================
[2020-12-12 17:01:55] Текст ошибки: Не найден маршрут | Строка 54
        
========================
[2020-12-12 17:01:55] Текст ошибки: Не найден маршрут | Строка 54
        
========================
[2020-12-12 17:02:29] Текст ошибки: Не найден маршрут | Строка 54
        
========================
[2020-12-12 17:02:29] Текст ошибки: Не найден маршрут | Строка 54
        
========================
[2020-12-12 17:02:30] Текст ошибки: Не найден маршрут | Строка 54
        
========================
[2020-12-12 17:02:30] Текст ошибки: Не найден маршрут | Строка 54
        
========================
[2020-12-12 17:02:30] Текст ошибки: Не найден маршрут | Строка 54
        
========================
[2020-12-12 17:02:30] Текст ошибки: Не найден маршрут | Строка 54
        
========================
[2020-12-12 17:02:30] Текст ошибки: Не найден маршрут | Строка 54
        
========================
[2020-12-12 17:02:30] Текст ошибки: Не найден маршрут | Строка 54
        
========================
[2020-12-12 17:02:37] Текст ошибки: Не найден маршрут | Строка 54
        
========================
[2020-12-12 17:02:37] Текст ошибки: Не найден маршрут | Строка 54
        
========================
[2020-12-12 17:02:37] Текст ошибки: Не найден маршрут | Строка 54
        
========================
[2020-12-12 17:02:37] Текст ошибки: Не найден маршрут | Строка 54
        
========================
[2020-12-12 17:02:37] Текст ошибки: Не найден маршрут | Строка 54
        
========================
[2020-12-12 17:02:37] Текст ошибки: Не найден маршрут | Строка 54
        
========================
[2020-12-12 17:02:43] Текст ошибки: Не найден маршрут | Строка 54
        
========================
[2020-12-12 17:02:44] Текст ошибки: Не найден маршрут | Строка 54
        
========================
[2020-12-12 17:02:44] Текст ошибки: Не найден маршрут | Строка 54
        
========================
[2020-12-12 17:02:44] Текст ошибки: Не найден маршрут | Строка 54
        
========================
[2020-12-12 17:02:44] Текст ошибки: Не найден маршрут | Строка 54
        
========================
[2020-12-12 17:02:44] Текст ошибки: Не найден маршрут | Строка 54
        
========================
[2020-12-12 17:02:44] Текст ошибки: Не найден маршрут | Строка 54
        
========================
[2020-12-12 17:02:44] Текст ошибки: Не найден маршрут | Строка 54
        
========================
[2020-12-12 17:02:57] Текст ошибки: Не найден маршрут | Строка 54
        
========================
[2020-12-12 17:02:57] Текст ошибки: Не найден маршрут | Строка 54
        
========================
[2020-12-12 17:02:58] Текст ошибки: Не найден маршрут | Строка 54
        
========================
[2020-12-12 17:02:58] Текст ошибки: Не найден маршрут | Строка 54
        
========================
[2020-12-12 17:02:58] Текст ошибки: Не найден маршрут | Строка 54
        
========================
[2020-12-12 17:02:58] Текст ошибки: Не найден маршрут | Строка 54
        
========================
[2020-12-12 17:03:09] Текст ошибки: Не найден маршрут | Строка 54
        
========================
[2020-12-12 17:03:09] Текст ошибки: Не найден маршрут | Строка 54
        
========================
[2020-12-12 17:03:13] Текст ошибки: Не найден маршрут | Строка 54
        
========================
[2020-12-12 17:03:13] Текст ошибки: Не найден маршрут | Строка 54
        
========================
[2020-12-12 17:03:13] Текст ошибки: Не найден маршрут | Строка 54
        
========================
[2020-12-12 17:03:13] Текст ошибки: Не найден маршрут | Строка 54
        
========================
[2020-12-12 17:03:13] Текст ошибки: Не найден маршрут | Строка 54
        
========================
[2020-12-12 17:03:13] Текст ошибки: Не найден маршрут | Строка 54
        
========================
[2020-12-12 17:03:14] Текст ошибки: Не найден маршрут | Строка 54
        
========================
[2020-12-12 17:03:14] Текст ошибки: Не найден маршрут | Строка 54
        
========================
[2020-12-12 17:03:54] Текст ошибки: Не найден маршрут | Строка 54
        
========================
[2020-12-12 17:03:54] Текст ошибки: Не найден маршрут | Строка 54
        
========================
[2020-12-12 17:05:01] Текст ошибки: Не найден маршрут | Строка 54
        
========================
[2020-12-12 17:05:01] Текст ошибки: Не найден маршрут | Строка 54
        
========================
[2020-12-12 17:05:26] Текст ошибки: Не найден маршрут | Строка 54
        
========================
[2020-12-12 17:05:26] Текст ошибки: Не найден маршрут | Строка 54
        
========================
[2020-12-12 17:05:27] Текст ошибки: Не найден маршрут | Строка 54
        
========================
[2020-12-12 17:05:27] Текст ошибки: Не найден маршрут | Строка 54
        
========================
[2020-12-12 17:05:34] Текст ошибки: Не найден маршрут | Строка 54
        
========================
[2020-12-12 17:05:34] Текст ошибки: Не найден маршрут | Строка 54
        
========================
[2020-12-12 17:05:45] Текст ошибки: Не найден маршрут | Строка 54
        
========================
[2020-12-12 17:05:45] Текст ошибки: Не найден маршрут | Строка 54
        
========================
[2020-12-12 17:05:46] Текст ошибки: Не найден маршрут | Строка 54
        
========================
[2020-12-12 17:05:46] Текст ошибки: Не найден маршрут | Строка 54
        
========================
[2020-12-12 17:05:46] Текст ошибки: Не найден маршрут | Строка 54
        
========================
[2020-12-12 17:05:46] Текст ошибки: Не найден маршрут | Строка 54
        
========================
[2020-12-12 17:06:09] Текст ошибки: Не найден маршрут | Строка 54
        
========================
[2020-12-12 17:06:43] Текст ошибки: Не найден маршрут | Строка 54
        
========================
[2020-12-12 17:07:29] Текст ошибки: Не найден маршрут | Строка 54
        
========================
[2020-12-12 17:08:03] Текст ошибки: Не найден маршрут | Строка 54
        
========================
[2020-12-12 17:08:08] Текст ошибки: Не найден маршрут | Строка 54
        
========================
[2020-12-12 17:08:24] Текст ошибки: Не найден маршрут | Строка 54
        
========================
[2020-12-12 17:09:56] Текст ошибки: Не найден маршрут | Строка 54
        
========================
[2020-12-12 17:11:57] Текст ошибки: Не найден маршрут | Строка 54
        
========================
[2020-12-12 17:12:33] Текст ошибки: Не найден маршрут | Строка 54
        
========================
[2020-12-12 17:12:33] Текст ошибки: Не найден маршрут | Строка 54
        
========================
[2020-12-12 17:12:33] Текст ошибки: Не найден маршрут | Строка 54
        
========================
[2020-12-12 17:12:33] Текст ошибки: Не найден маршрут | Строка 54
        
========================
[2020-12-12 17:13:48] Текст ошибки: Не найден маршрут | Строка 54
        
========================
[2020-12-12 17:14:08] Текст ошибки: Не найден маршрут | Строка 54
        
========================
[2020-12-12 17:14:16] Текст ошибки: Не найден маршрут | Строка 54
        
========================
[2020-12-12 17:14:16] Текст ошибки: Не найден маршрут | Строка 54
        
========================
[2020-12-12 17:14:16] Текст ошибки: Не найден маршрут | Строка 54
        
========================
[2020-12-12 17:14:16] Текст ошибки: Не найден маршрут | Строка 54
        
========================
[2020-12-12 17:14:38] Текст ошибки: Не найден маршрут | Строка 54
        
========================
[2020-12-12 17:14:38] Текст ошибки: Не найден маршрут | Строка 54
        
========================
[2020-12-12 17:14:39] Текст ошибки: Не найден маршрут | Строка 54
        
========================
[2020-12-12 17:14:39] Текст ошибки: Не найден маршрут | Строка 54
        
========================
[2020-12-12 17:20:09] Текст ошибки: Не найден маршрут | Строка 54
        
========================
[2020-12-12 17:33:56] Текст ошибки: Класс не существует app\controller\PageNewController | Строка 57
        
========================
[2020-12-12 17:39:35] Текст ошибки: Класс не существует app\controller\PageNewController | Строка 58
        
========================
[2020-12-12 17:41:45] Текст ошибки: Call to undefined method shop\Router::upperCamelCase() | Строка 116
        
========================
[2020-12-12 17:41:46] Текст ошибки: Call to undefined method shop\Router::upperCamelCase() | Строка 116
        
========================
[2020-12-12 17:41:46] Текст ошибки: Call to undefined method shop\Router::upperCamelCase() | Строка 116
        
========================
[2020-12-12 17:42:33] Текст ошибки: Call to undefined method shop\Router::lowerCamelCase() | Строка 56
        
========================
[2020-12-12 17:42:34] Текст ошибки: Call to undefined method shop\Router::lowerCamelCase() | Строка 56
        
========================
[2020-12-12 17:42:34] Текст ошибки: Call to undefined method shop\Router::lowerCamelCase() | Строка 56
        
========================
[2020-12-12 17:42:34] Текст ошибки: Call to undefined method shop\Router::lowerCamelCase() | Строка 56
        
========================
[2020-12-12 17:42:44] Текст ошибки: Call to undefined method shop\Router::lowerCamelCase() | Строка 53
        
========================
[2020-12-12 17:42:44] Текст ошибки: Call to undefined method shop\Router::lowerCamelCase() | Строка 53
        
========================
[2020-12-12 17:42:45] Текст ошибки: Call to undefined method shop\Router::lowerCamelCase() | Строка 53
        
========================
[2020-12-12 17:42:45] Текст ошибки: Call to undefined method shop\Router::lowerCamelCase() | Строка 53
        
========================
[2020-12-12 17:42:45] Текст ошибки: Call to undefined method shop\Router::lowerCamelCase() | Строка 53
        
========================
[2020-12-12 17:42:46] Текст ошибки: Call to undefined method shop\Router::lowerCamelCase() | Строка 53
        
========================
[2020-12-12 17:42:47] Текст ошибки: Call to undefined method shop\Router::lowerCamelCase() | Строка 53
        
========================
[2020-12-12 17:42:47] Текст ошибки: Call to undefined method shop\Router::lowerCamelCase() | Строка 53
        
========================
[2020-12-12 17:42:47] Текст ошибки: Call to undefined method shop\Router::lowerCamelCase() | Строка 53
        
========================
[2020-12-12 17:42:47] Текст ошибки: Call to undefined method shop\Router::lowerCamelCase() | Строка 53
        
========================
[2020-12-12 17:42:47] Текст ошибки: Call to undefined method shop\Router::lowerCamelCase() | Строка 53
        
========================
[2020-12-12 17:42:48] Текст ошибки: Call to undefined method shop\Router::lowerCamelCase() | Строка 53
        
========================
[2020-12-12 17:42:48] Текст ошибки: Call to undefined method shop\Router::lowerCamelCase() | Строка 53
        
========================
[2020-12-12 17:42:51] Текст ошибки: Call to undefined method shop\Router::lowerCamelCase() | Строка 53
        
========================
[2020-12-12 17:43:28] Текст ошибки: Call to undefined method shop\Router::upperCamelCase() | Строка 116
        
========================
[2020-12-12 17:43:29] Текст ошибки: Call to undefined method shop\Router::upperCamelCase() | Строка 116
        
========================
[2020-12-12 17:43:29] Текст ошибки: Call to undefined method shop\Router::upperCamelCase() | Строка 116
        
========================
[2020-12-12 17:43:29] Текст ошибки: Call to undefined method shop\Router::upperCamelCase() | Строка 116
        
========================
[2020-12-12 17:50:37] Текст ошибки: Класс не найден app\controller\MainController | Строка 63
        
========================
[2020-12-12 17:50:37] Текст ошибки: Класс не найден app\controller\MainController | Строка 63
        
========================
[2020-12-12 17:53:59] Текст ошибки: Класс не найден app\controller\MainController | Строка 63
        
========================
[2020-12-12 17:53:59] Текст ошибки: Класс не найден app\controller\MainController | Строка 63
        
========================
[2020-12-12 17:54:00] Текст ошибки: Класс не найден app\controller\MainController | Строка 63
        
========================
[2020-12-12 17:54:00] Текст ошибки: Класс не найден app\controller\MainController | Строка 63
        
========================
[2020-12-12 17:54:00] Текст ошибки: Класс не найден app\controller\MainController | Строка 63
        
========================
[2020-12-12 17:54:00] Текст ошибки: Класс не найден app\controller\MainController | Строка 63
        
========================
[2020-12-12 17:54:00] Текст ошибки: Класс не найден app\controller\MainController | Строка 63
        
========================
[2020-12-12 17:54:01] Текст ошибки: Класс не найден app\controller\MainController | Строка 63
        
========================
[2020-12-12 17:54:17] Текст ошибки: Метод не найден app\controllers\MainController::indexAction | Строка 60
        
========================
[2020-12-12 17:56:50] Текст ошибки: Метод не найден app\controllers\MainController::index | Строка 63
        
========================
[2020-12-12 17:56:58] Текст ошибки: Метод не найден app\controllers\MainController::index2 | Строка 63
        
========================
